<?xml version="1.0" encoding="UTF-8"?>
<testng-results ignored="0" total="1" passed="1" failed="0" skipped="0">
  <reporter-output>
  </reporter-output>
  <suite started-at="2025-05-22T10:52:49 EEST" name="Default suite" finished-at="2025-05-22T10:54:17 EEST" duration-ms="87753">
    <groups>
    </groups>
    <test started-at="2025-05-22T10:52:49 EEST" name="Default test" finished-at="2025-05-22T10:54:17 EEST" duration-ms="87753">
      <class name="testcases.dashboardandser">
        <test-method is-config="true" signature="SetUp()[pri:0, instance:testcases.dashboardandser@3e0e1046]" started-at="2025-05-22T10:52:49 EEST" name="SetUp" finished-at="2025-05-22T10:52:57 EEST" duration-ms="7893" status="PASS">
          <reporter-output>
          </reporter-output>
        </test-method> <!-- SetUp -->
        <test-method signature="dashboardandusertest()[pri:0, instance:testcases.dashboardandser@3e0e1046]" started-at="2025-05-22T10:52:57 EEST" name="dashboardandusertest" finished-at="2025-05-22T10:54:17 EEST" duration-ms="79763" status="PASS">
          <reporter-output>
          </reporter-output>
        </test-method> <!-- dashboardandusertest -->
      </class> <!-- testcases.dashboardandser -->
    </test> <!-- Default test -->
  </suite> <!-- Default suite -->
</testng-results>
